<?xml version="1.0" encoding="UTF-8"?>
<!-- Generated by org.testng.reporters.JUnitReportReporter -->
<testsuite skipped="0" hostname="DESKTOP-4Q04G7J" name="methods.Testmethods" tests="6" failures="0" timestamp="14 Oct 2022 09:33:31 GMT" time="19.566" errors="0">
  <testcase name="testcase" time="2.162" classname="methods.Testmethods"/>
  <testcase name="testcase5" time="0.458" classname="methods.Testmethods"/>
  <testcase name="testcase3" time="2.050" classname="methods.Testmethods"/>
  <testcase name="testcase2" time="6.264" classname="methods.Testmethods"/>
  <testcase name="testcases6" time="5.886" classname="methods.Testmethods"/>
  <testcase name="testcase4" time="2.746" classname="methods.Testmethods"/>
</testsuite> <!-- methods.Testmethods -->
